2020-05-16 00:36:16.579  INFO 108624 --- [  restartedMain] c.e.b.BlogMvcApplication                 : Starting BlogMvcApplication on DESKTOP-AMOCSMB with PID 108624 (D:\WorkSpace\STS\BLOG_MVC\target\classes started by jegan in D:\WorkSpace\STS\BLOG_MVC)
2020-05-16 00:36:16.586  INFO 108624 --- [  restartedMain] c.e.b.BlogMvcApplication                 : No active profile set, falling back to default profiles: default
2020-05-16 00:36:16.668  INFO 108624 --- [  restartedMain] .e.DevToolsPropertyDefaultsPostProcessor : Devtools property defaults active! Set 'spring.devtools.add-properties' to 'false' to disable
2020-05-16 00:36:16.668  INFO 108624 --- [  restartedMain] .e.DevToolsPropertyDefaultsPostProcessor : For additional web related logging consider setting the 'logging.level.web' property to 'DEBUG'
2020-05-16 00:36:17.414  INFO 108624 --- [  restartedMain] .s.d.r.c.RepositoryConfigurationDelegate : Bootstrapping Spring Data JDBC repositories in DEFAULT mode.
2020-05-16 00:36:17.431  INFO 108624 --- [  restartedMain] .s.d.r.c.RepositoryConfigurationDelegate : Finished Spring Data repository scanning in 14ms. Found 0 JDBC repository interfaces.
2020-05-16 00:36:18.228  INFO 108624 --- [  restartedMain] o.s.b.w.e.t.TomcatWebServer              : Tomcat initialized with port(s): 7070 (http)
2020-05-16 00:36:18.248  INFO 108624 --- [  restartedMain] o.a.c.h.Http11NioProtocol                : Initializing ProtocolHandler ["http-nio-7070"]
2020-05-16 00:36:18.249  INFO 108624 --- [  restartedMain] o.a.c.c.StandardService                  : Starting service [Tomcat]
2020-05-16 00:36:18.250  INFO 108624 --- [  restartedMain] o.a.c.c.StandardEngine                   : Starting Servlet engine: [Apache Tomcat/9.0.34]
2020-05-16 00:36:18.627  INFO 108624 --- [  restartedMain] o.a.j.s.TldScanner                       : At least one JAR was scanned for TLDs yet contained no TLDs. Enable debug logging for this logger for a complete list of JARs that were scanned but no TLDs were found in them. Skipping unneeded JARs during scanning can improve startup time and JSP compilation time.
2020-05-16 00:36:18.635  INFO 108624 --- [  restartedMain] o.a.c.c.C.[.[.[/]                        : Initializing Spring embedded WebApplicationContext
2020-05-16 00:36:18.636  INFO 108624 --- [  restartedMain] o.s.w.c.ContextLoader                    : Root WebApplicationContext: initialization completed in 1967 ms
2020-05-16 00:36:18.838  INFO 108624 --- [  restartedMain] c.z.h.HikariDataSource                   : HikariPool-1 - Starting...
2020-05-16 00:36:19.101  INFO 108624 --- [  restartedMain] c.z.h.HikariDataSource                   : HikariPool-1 - Start completed.
2020-05-16 00:36:19.340  INFO 108624 --- [  restartedMain] o.s.s.c.ThreadPoolTaskExecutor           : Initializing ExecutorService 'applicationTaskExecutor'
2020-05-16 00:36:19.765  INFO 108624 --- [  restartedMain] o.s.b.d.a.OptionalLiveReloadServer       : LiveReload server is running on port 35729
2020-05-16 00:36:19.788  INFO 108624 --- [  restartedMain] s.a.ScheduledAnnotationBeanPostProcessor : No TaskScheduler/ScheduledExecutorService bean found for scheduled processing
2020-05-16 00:36:19.791  INFO 108624 --- [  restartedMain] o.a.c.h.Http11NioProtocol                : Starting ProtocolHandler ["http-nio-7070"]
2020-05-16 00:36:19.843  INFO 108624 --- [  restartedMain] o.s.b.w.e.t.TomcatWebServer              : Tomcat started on port(s): 7070 (http) with context path ''
2020-05-16 00:36:19.847  INFO 108624 --- [  restartedMain] c.e.b.BlogMvcApplication                 : Started BlogMvcApplication in 3.756 seconds (JVM running for 6.086)
2020-05-16 00:36:28.621  INFO 108624 --- [nio-7070-exec-1] o.a.c.c.C.[.[.[/]                        : Initializing Spring DispatcherServlet 'dispatcherServlet'
2020-05-16 00:36:28.622  INFO 108624 --- [nio-7070-exec-1] o.s.w.s.DispatcherServlet                : Initializing Servlet 'dispatcherServlet'
2020-05-16 00:36:28.631  INFO 108624 --- [nio-7070-exec-1] o.s.w.s.DispatcherServlet                : Completed initialization in 8 ms
2020-05-16 00:37:59.052  INFO 108624 --- [       Thread-9] o.s.s.c.ThreadPoolTaskExecutor           : Shutting down ExecutorService 'applicationTaskExecutor'
2020-05-16 00:37:59.055  INFO 108624 --- [       Thread-9] c.z.h.HikariDataSource                   : HikariPool-1 - Shutdown initiated...
2020-05-16 00:37:59.080  INFO 108624 --- [       Thread-9] c.z.h.HikariDataSource                   : HikariPool-1 - Shutdown completed.
2020-05-16 00:37:59.519  INFO 108624 --- [  restartedMain] c.e.b.BlogMvcApplication                 : Starting BlogMvcApplication on DESKTOP-AMOCSMB with PID 108624 (D:\WorkSpace\STS\BLOG_MVC\target\classes started by jegan in D:\WorkSpace\STS\BLOG_MVC)
2020-05-16 00:37:59.520  INFO 108624 --- [  restartedMain] c.e.b.BlogMvcApplication                 : No active profile set, falling back to default profiles: default
2020-05-16 00:37:59.671  INFO 108624 --- [  restartedMain] .s.d.r.c.RepositoryConfigurationDelegate : Bootstrapping Spring Data JDBC repositories in DEFAULT mode.
2020-05-16 00:37:59.675  INFO 108624 --- [  restartedMain] .s.d.r.c.RepositoryConfigurationDelegate : Finished Spring Data repository scanning in 4ms. Found 0 JDBC repository interfaces.
2020-05-16 00:37:59.799  INFO 108624 --- [  restartedMain] o.s.b.w.e.t.TomcatWebServer              : Tomcat initialized with port(s): 7070 (http)
2020-05-16 00:37:59.800  INFO 108624 --- [  restartedMain] o.a.c.h.Http11NioProtocol                : Initializing ProtocolHandler ["http-nio-7070"]
2020-05-16 00:37:59.800  INFO 108624 --- [  restartedMain] o.a.c.c.StandardService                  : Starting service [Tomcat]
2020-05-16 00:37:59.800  INFO 108624 --- [  restartedMain] o.a.c.c.StandardEngine                   : Starting Servlet engine: [Apache Tomcat/9.0.34]
2020-05-16 00:37:59.868  INFO 108624 --- [  restartedMain] o.a.j.s.TldScanner                       : At least one JAR was scanned for TLDs yet contained no TLDs. Enable debug logging for this logger for a complete list of JARs that were scanned but no TLDs were found in them. Skipping unneeded JARs during scanning can improve startup time and JSP compilation time.
2020-05-16 00:37:59.869  INFO 108624 --- [  restartedMain] o.a.c.c.C.[.[.[/]                        : Initializing Spring embedded WebApplicationContext
2020-05-16 00:37:59.869  INFO 108624 --- [  restartedMain] o.s.w.c.ContextLoader                    : Root WebApplicationContext: initialization completed in 347 ms
2020-05-16 00:37:59.896  INFO 108624 --- [  restartedMain] c.z.h.HikariDataSource                   : HikariPool-2 - Starting...
2020-05-16 00:37:59.900  INFO 108624 --- [  restartedMain] c.z.h.HikariDataSource                   : HikariPool-2 - Start completed.
2020-05-16 00:38:00.037  INFO 108624 --- [  restartedMain] o.s.s.c.ThreadPoolTaskExecutor           : Initializing ExecutorService 'applicationTaskExecutor'
2020-05-16 00:38:00.190  INFO 108624 --- [  restartedMain] o.s.b.d.a.OptionalLiveReloadServer       : LiveReload server is running on port 35729
2020-05-16 00:38:00.201  INFO 108624 --- [  restartedMain] s.a.ScheduledAnnotationBeanPostProcessor : No TaskScheduler/ScheduledExecutorService bean found for scheduled processing
2020-05-16 00:38:00.202  INFO 108624 --- [  restartedMain] o.a.c.h.Http11NioProtocol                : Starting ProtocolHandler ["http-nio-7070"]
2020-05-16 00:38:00.205  INFO 108624 --- [  restartedMain] o.s.b.w.e.t.TomcatWebServer              : Tomcat started on port(s): 7070 (http) with context path ''
2020-05-16 00:38:00.234  INFO 108624 --- [  restartedMain] c.e.b.BlogMvcApplication                 : Started BlogMvcApplication in 0.739 seconds (JVM running for 106.475)
2020-05-16 00:38:00.238  INFO 108624 --- [  restartedMain] .ConditionEvaluationDeltaLoggingListener : Condition evaluation unchanged
2020-05-16 00:38:05.781  INFO 108624 --- [nio-7070-exec-1] o.a.c.c.C.[.[.[/]                        : Initializing Spring DispatcherServlet 'dispatcherServlet'
2020-05-16 00:38:05.781  INFO 108624 --- [nio-7070-exec-1] o.s.w.s.DispatcherServlet                : Initializing Servlet 'dispatcherServlet'
2020-05-16 00:38:05.788  INFO 108624 --- [nio-7070-exec-1] o.s.w.s.DispatcherServlet                : Completed initialization in 6 ms
2020-05-16 00:38:23.814  INFO 108624 --- [      Thread-16] o.s.s.c.ThreadPoolTaskExecutor           : Shutting down ExecutorService 'applicationTaskExecutor'
2020-05-16 00:38:23.816  INFO 108624 --- [      Thread-16] c.z.h.HikariDataSource                   : HikariPool-2 - Shutdown initiated...
2020-05-16 00:38:23.818  INFO 108624 --- [      Thread-16] c.z.h.HikariDataSource                   : HikariPool-2 - Shutdown completed.
2020-05-16 00:38:24.198  INFO 108624 --- [  restartedMain] c.e.b.BlogMvcApplication                 : Starting BlogMvcApplication on DESKTOP-AMOCSMB with PID 108624 (D:\WorkSpace\STS\BLOG_MVC\target\classes started by jegan in D:\WorkSpace\STS\BLOG_MVC)
2020-05-16 00:38:24.199  INFO 108624 --- [  restartedMain] c.e.b.BlogMvcApplication                 : No active profile set, falling back to default profiles: default
2020-05-16 00:38:24.341  INFO 108624 --- [  restartedMain] .s.d.r.c.RepositoryConfigurationDelegate : Bootstrapping Spring Data JDBC repositories in DEFAULT mode.
2020-05-16 00:38:24.345  INFO 108624 --- [  restartedMain] .s.d.r.c.RepositoryConfigurationDelegate : Finished Spring Data repository scanning in 3ms. Found 0 JDBC repository interfaces.
2020-05-16 00:38:24.474  INFO 108624 --- [  restartedMain] o.s.b.w.e.t.TomcatWebServer              : Tomcat initialized with port(s): 7070 (http)
2020-05-16 00:38:24.475  INFO 108624 --- [  restartedMain] o.a.c.h.Http11NioProtocol                : Initializing ProtocolHandler ["http-nio-7070"]
2020-05-16 00:38:24.475  INFO 108624 --- [  restartedMain] o.a.c.c.StandardService                  : Starting service [Tomcat]
2020-05-16 00:38:24.476  INFO 108624 --- [  restartedMain] o.a.c.c.StandardEngine                   : Starting Servlet engine: [Apache Tomcat/9.0.34]
2020-05-16 00:38:24.531  INFO 108624 --- [  restartedMain] o.a.j.s.TldScanner                       : At least one JAR was scanned for TLDs yet contained no TLDs. Enable debug logging for this logger for a complete list of JARs that were scanned but no TLDs were found in them. Skipping unneeded JARs during scanning can improve startup time and JSP compilation time.
2020-05-16 00:38:24.534  INFO 108624 --- [  restartedMain] o.a.c.c.C.[.[.[/]                        : Initializing Spring embedded WebApplicationContext
2020-05-16 00:38:24.534  INFO 108624 --- [  restartedMain] o.s.w.c.ContextLoader                    : Root WebApplicationContext: initialization completed in 334 ms
2020-05-16 00:38:24.558  INFO 108624 --- [  restartedMain] c.z.h.HikariDataSource                   : HikariPool-3 - Starting...
2020-05-16 00:38:24.562  INFO 108624 --- [  restartedMain] c.z.h.HikariDataSource                   : HikariPool-3 - Start completed.
2020-05-16 00:38:24.652  INFO 108624 --- [  restartedMain] o.s.s.c.ThreadPoolTaskExecutor           : Initializing ExecutorService 'applicationTaskExecutor'
2020-05-16 00:38:24.783  INFO 108624 --- [  restartedMain] o.s.b.d.a.OptionalLiveReloadServer       : LiveReload server is running on port 35729
2020-05-16 00:38:24.793  INFO 108624 --- [  restartedMain] s.a.ScheduledAnnotationBeanPostProcessor : No TaskScheduler/ScheduledExecutorService bean found for scheduled processing
2020-05-16 00:38:24.793  INFO 108624 --- [  restartedMain] o.a.c.h.Http11NioProtocol                : Starting ProtocolHandler ["http-nio-7070"]
2020-05-16 00:38:24.796  INFO 108624 --- [  restartedMain] o.s.b.w.e.t.TomcatWebServer              : Tomcat started on port(s): 7070 (http) with context path ''
2020-05-16 00:38:24.797  INFO 108624 --- [  restartedMain] c.e.b.BlogMvcApplication                 : Started BlogMvcApplication in 0.621 seconds (JVM running for 131.036)
2020-05-16 00:38:24.798  INFO 108624 --- [  restartedMain] .ConditionEvaluationDeltaLoggingListener : Condition evaluation unchanged
2020-05-16 00:38:38.476  INFO 108624 --- [nio-7070-exec-1] o.a.c.c.C.[.[.[/]                        : Initializing Spring DispatcherServlet 'dispatcherServlet'
2020-05-16 00:38:38.477  INFO 108624 --- [nio-7070-exec-1] o.s.w.s.DispatcherServlet                : Initializing Servlet 'dispatcherServlet'
2020-05-16 00:38:38.479  INFO 108624 --- [nio-7070-exec-1] o.s.w.s.DispatcherServlet                : Completed initialization in 2 ms
2020-05-16 00:38:38.581 ERROR 108624 --- [nio-7070-exec-1] c.e.b.e.GenericExceptions                : Request: /listusers raised org.springframework.dao.TransientDataAccessResourceException: StatementCallback; SQL [select * from user]; Column Index out of range, 17 > 16. ; nested exception is java.sql.SQLException: Column Index out of range, 17 > 16. at 1589603918581
2020-05-16 00:38:38.583  WARN 108624 --- [nio-7070-exec-1] .m.m.a.ExceptionHandlerExceptionResolver : Resolved [org.springframework.dao.TransientDataAccessResourceException: StatementCallback; SQL [select * from user]; Column Index out of range, 17 > 16. ; nested exception is java.sql.SQLException: Column Index out of range, 17 > 16. ]
2020-05-16 00:40:27.323  INFO 108624 --- [      Thread-23] o.s.s.c.ThreadPoolTaskExecutor           : Shutting down ExecutorService 'applicationTaskExecutor'
2020-05-16 00:40:27.324  INFO 108624 --- [      Thread-23] c.z.h.HikariDataSource                   : HikariPool-3 - Shutdown initiated...
2020-05-16 00:40:27.328  INFO 108624 --- [      Thread-23] c.z.h.HikariDataSource                   : HikariPool-3 - Shutdown completed.
2020-05-16 00:40:27.761  INFO 108624 --- [  restartedMain] c.e.b.BlogMvcApplication                 : Starting BlogMvcApplication on DESKTOP-AMOCSMB with PID 108624 (D:\WorkSpace\STS\BLOG_MVC\target\classes started by jegan in D:\WorkSpace\STS\BLOG_MVC)
2020-05-16 00:40:27.762  INFO 108624 --- [  restartedMain] c.e.b.BlogMvcApplication                 : No active profile set, falling back to default profiles: default
2020-05-16 00:40:27.875  INFO 108624 --- [  restartedMain] .s.d.r.c.RepositoryConfigurationDelegate : Bootstrapping Spring Data JDBC repositories in DEFAULT mode.
2020-05-16 00:40:27.879  INFO 108624 --- [  restartedMain] .s.d.r.c.RepositoryConfigurationDelegate : Finished Spring Data repository scanning in 3ms. Found 0 JDBC repository interfaces.
2020-05-16 00:40:27.966  INFO 108624 --- [  restartedMain] o.s.b.w.e.t.TomcatWebServer              : Tomcat initialized with port(s): 7070 (http)
2020-05-16 00:40:27.966  INFO 108624 --- [  restartedMain] o.a.c.h.Http11NioProtocol                : Initializing ProtocolHandler ["http-nio-7070"]
2020-05-16 00:40:27.966  INFO 108624 --- [  restartedMain] o.a.c.c.StandardService                  : Starting service [Tomcat]
2020-05-16 00:40:27.967  INFO 108624 --- [  restartedMain] o.a.c.c.StandardEngine                   : Starting Servlet engine: [Apache Tomcat/9.0.34]
2020-05-16 00:40:28.011  INFO 108624 --- [  restartedMain] o.a.j.s.TldScanner                       : At least one JAR was scanned for TLDs yet contained no TLDs. Enable debug logging for this logger for a complete list of JARs that were scanned but no TLDs were found in them. Skipping unneeded JARs during scanning can improve startup time and JSP compilation time.
2020-05-16 00:40:28.012  INFO 108624 --- [  restartedMain] o.a.c.c.C.[.[.[/]                        : Initializing Spring embedded WebApplicationContext
2020-05-16 00:40:28.012  INFO 108624 --- [  restartedMain] o.s.w.c.ContextLoader                    : Root WebApplicationContext: initialization completed in 249 ms
2020-05-16 00:40:28.036  INFO 108624 --- [  restartedMain] c.z.h.HikariDataSource                   : HikariPool-4 - Starting...
2020-05-16 00:40:28.041  INFO 108624 --- [  restartedMain] c.z.h.HikariDataSource                   : HikariPool-4 - Start completed.
2020-05-16 00:40:28.118  INFO 108624 --- [  restartedMain] o.s.s.c.ThreadPoolTaskExecutor           : Initializing ExecutorService 'applicationTaskExecutor'
2020-05-16 00:40:28.265  INFO 108624 --- [  restartedMain] o.s.b.d.a.OptionalLiveReloadServer       : LiveReload server is running on port 35729
2020-05-16 00:40:28.285  INFO 108624 --- [  restartedMain] s.a.ScheduledAnnotationBeanPostProcessor : No TaskScheduler/ScheduledExecutorService bean found for scheduled processing
2020-05-16 00:40:28.286  INFO 108624 --- [  restartedMain] o.a.c.h.Http11NioProtocol                : Starting ProtocolHandler ["http-nio-7070"]
2020-05-16 00:40:28.292  INFO 108624 --- [  restartedMain] o.s.b.w.e.t.TomcatWebServer              : Tomcat started on port(s): 7070 (http) with context path ''
2020-05-16 00:40:28.293  INFO 108624 --- [  restartedMain] c.e.b.BlogMvcApplication                 : Started BlogMvcApplication in 0.555 seconds (JVM running for 254.533)
2020-05-16 00:40:28.295  INFO 108624 --- [  restartedMain] .ConditionEvaluationDeltaLoggingListener : Condition evaluation unchanged
2020-05-16 00:40:32.823  INFO 108624 --- [nio-7070-exec-1] o.a.c.c.C.[.[.[/]                        : Initializing Spring DispatcherServlet 'dispatcherServlet'
2020-05-16 00:40:32.823  INFO 108624 --- [nio-7070-exec-1] o.s.w.s.DispatcherServlet                : Initializing Servlet 'dispatcherServlet'
2020-05-16 00:40:32.826  INFO 108624 --- [nio-7070-exec-1] o.s.w.s.DispatcherServlet                : Completed initialization in 3 ms
2020-05-16 00:40:32.843 ERROR 108624 --- [nio-7070-exec-1] c.e.b.e.GenericExceptions                : Request: /listusers raised org.springframework.dao.TransientDataAccessResourceException: StatementCallback; SQL [select * from user]; Column Index out of range, 17 > 16. ; nested exception is java.sql.SQLException: Column Index out of range, 17 > 16.  
 at 1589604032843
2020-05-16 00:40:32.843  WARN 108624 --- [nio-7070-exec-1] .m.m.a.ExceptionHandlerExceptionResolver : Resolved [org.springframework.dao.TransientDataAccessResourceException: StatementCallback; SQL [select * from user]; Column Index out of range, 17 > 16. ; nested exception is java.sql.SQLException: Column Index out of range, 17 > 16. ]
2020-05-16 00:43:11.130  INFO 108624 --- [      Thread-30] o.s.s.c.ThreadPoolTaskExecutor           : Shutting down ExecutorService 'applicationTaskExecutor'
2020-05-16 00:43:11.131  INFO 108624 --- [      Thread-30] c.z.h.HikariDataSource                   : HikariPool-4 - Shutdown initiated...
2020-05-16 00:43:11.145  INFO 108624 --- [      Thread-30] c.z.h.HikariDataSource                   : HikariPool-4 - Shutdown completed.
2020-05-16 00:43:11.525  INFO 108624 --- [  restartedMain] c.e.b.BlogMvcApplication                 : Starting BlogMvcApplication on DESKTOP-AMOCSMB with PID 108624 (D:\WorkSpace\STS\BLOG_MVC\target\classes started by jegan in D:\WorkSpace\STS\BLOG_MVC)
2020-05-16 00:43:11.526  INFO 108624 --- [  restartedMain] c.e.b.BlogMvcApplication                 : No active profile set, falling back to default profiles: default
2020-05-16 00:43:11.636  INFO 108624 --- [  restartedMain] .s.d.r.c.RepositoryConfigurationDelegate : Bootstrapping Spring Data JDBC repositories in DEFAULT mode.
2020-05-16 00:43:11.640  INFO 108624 --- [  restartedMain] .s.d.r.c.RepositoryConfigurationDelegate : Finished Spring Data repository scanning in 3ms. Found 0 JDBC repository interfaces.
2020-05-16 00:43:11.722  INFO 108624 --- [  restartedMain] o.s.b.w.e.t.TomcatWebServer              : Tomcat initialized with port(s): 7070 (http)
2020-05-16 00:43:11.723  INFO 108624 --- [  restartedMain] o.a.c.h.Http11NioProtocol                : Initializing ProtocolHandler ["http-nio-7070"]
2020-05-16 00:43:11.724  INFO 108624 --- [  restartedMain] o.a.c.c.StandardService                  : Starting service [Tomcat]
2020-05-16 00:43:11.724  INFO 108624 --- [  restartedMain] o.a.c.c.StandardEngine                   : Starting Servlet engine: [Apache Tomcat/9.0.34]
2020-05-16 00:43:11.775  INFO 108624 --- [  restartedMain] o.a.j.s.TldScanner                       : At least one JAR was scanned for TLDs yet contained no TLDs. Enable debug logging for this logger for a complete list of JARs that were scanned but no TLDs were found in them. Skipping unneeded JARs during scanning can improve startup time and JSP compilation time.
2020-05-16 00:43:11.776  INFO 108624 --- [  restartedMain] o.a.c.c.C.[.[.[/]                        : Initializing Spring embedded WebApplicationContext
2020-05-16 00:43:11.776  INFO 108624 --- [  restartedMain] o.s.w.c.ContextLoader                    : Root WebApplicationContext: initialization completed in 249 ms
2020-05-16 00:43:11.807  INFO 108624 --- [  restartedMain] c.z.h.HikariDataSource                   : HikariPool-5 - Starting...
2020-05-16 00:43:11.816  INFO 108624 --- [  restartedMain] c.z.h.HikariDataSource                   : HikariPool-5 - Start completed.
2020-05-16 00:43:11.909  INFO 108624 --- [  restartedMain] o.s.s.c.ThreadPoolTaskExecutor           : Initializing ExecutorService 'applicationTaskExecutor'
2020-05-16 00:43:12.043  INFO 108624 --- [  restartedMain] o.s.b.d.a.OptionalLiveReloadServer       : LiveReload server is running on port 35729
2020-05-16 00:43:12.051  INFO 108624 --- [  restartedMain] s.a.ScheduledAnnotationBeanPostProcessor : No TaskScheduler/ScheduledExecutorService bean found for scheduled processing
2020-05-16 00:43:12.052  INFO 108624 --- [  restartedMain] o.a.c.h.Http11NioProtocol                : Starting ProtocolHandler ["http-nio-7070"]
2020-05-16 00:43:12.055  INFO 108624 --- [  restartedMain] o.s.b.w.e.t.TomcatWebServer              : Tomcat started on port(s): 7070 (http) with context path ''
2020-05-16 00:43:12.055  INFO 108624 --- [  restartedMain] c.e.b.BlogMvcApplication                 : Started BlogMvcApplication in 0.552 seconds (JVM running for 418.295)
2020-05-16 00:43:12.057  INFO 108624 --- [  restartedMain] .ConditionEvaluationDeltaLoggingListener : Condition evaluation unchanged
2020-05-16 00:43:15.788  INFO 108624 --- [nio-7070-exec-1] o.a.c.c.C.[.[.[/]                        : Initializing Spring DispatcherServlet 'dispatcherServlet'
2020-05-16 00:43:15.788  INFO 108624 --- [nio-7070-exec-1] o.s.w.s.DispatcherServlet                : Initializing Servlet 'dispatcherServlet'
2020-05-16 00:43:15.793  INFO 108624 --- [nio-7070-exec-1] o.s.w.s.DispatcherServlet                : Completed initialization in 5 ms
2020-05-16 00:43:15.810 ERROR 108624 --- [nio-7070-exec-1] c.e.b.e.GenericExceptions                : Request: /listusers raised StatementCallback; SQL [select * from user]; Column Index out of range, 17 > 16. ; nested exception is java.sql.SQLException: Column Index out of range, 17 > 16. 
2020-05-16 00:43:15.810 ERROR 108624 --- [nio-7070-exec-1] c.e.b.e.GenericExceptions                : Exception Id is: 1589604195810
2020-05-16 00:43:15.814  WARN 108624 --- [nio-7070-exec-1] .m.m.a.ExceptionHandlerExceptionResolver : Resolved [org.springframework.dao.TransientDataAccessResourceException: StatementCallback; SQL [select * from user]; Column Index out of range, 17 > 16. ; nested exception is java.sql.SQLException: Column Index out of range, 17 > 16. ]
2020-05-16 00:46:24.760  INFO 108624 --- [n(31)-127.0.0.1] inMXBeanRegistrar$SpringApplicationAdmin : Application shutdown requested.
2020-05-16 00:46:24.766  INFO 108624 --- [n(31)-127.0.0.1] o.s.s.c.ThreadPoolTaskExecutor           : Shutting down ExecutorService 'applicationTaskExecutor'
2020-05-16 00:46:24.767  INFO 108624 --- [n(31)-127.0.0.1] c.z.h.HikariDataSource                   : HikariPool-5 - Shutdown initiated...
2020-05-16 00:46:24.773  INFO 108624 --- [n(31)-127.0.0.1] c.z.h.HikariDataSource                   : HikariPool-5 - Shutdown completed.
